[2019-02-09 07:57:44] "1080.HEVC.mp4" | /home/mopip77/Downloads/Einstein.&.Einstein.2013.4K.HEVC&1080.AVC.WEB-DL.AAC-HQC/1080.HEVC.mp4
[2019-02-09 10:58:30] "星球大战7.原力觉醒.特效中英字幕.Star.Wars.Episode.VII.The.Force.Awakens.2015.1080p.BluRay.x264.深影字幕组V3.mp4" | /home/mopip77/Videos/星球大战7.原力觉醒.特效中英字幕.Star.Wars.Episode.VII.The.Force.Awakens.2015.1080p.BluRay.x264.深影字幕组V3.mp4
[2019-02-11 17:14:50] "3.Nen.A.Gumi.Ima.kara.Minasan.wa.Hitojichi.desu.Ep06.Chi_Jap.HDTVrip.1280X720.mp4" | /home/mopip77/Desktop/BaiduPCS-Go-v3.5.6-linux-amd64/download/1131301918_Mopip77/apps/baidu_shurufa/3.Nen.A.Gumi.Ima.kara.Minasan.wa.Hitojichi.desu.Ep06.Chi_Jap.HDTVrip.1280X720.mp4
[2019-02-13 12:42:23] "Shoplifters.2018.720p.AMZN.WEB-DL.DDP5.1.H.264-NTG.mkv" | /home/mopip77/Downloads/Shoplifters.2018.720p.AMZN.WEBRip.DDP5.1.x264-NTG/Shoplifters.2018.720p.AMZN.WEB-DL.DDP5.1.H.264-NTG.mkv
[2019-02-14 09:18:20] "44198rwRY1yD5Ey6_4000.flv" | /home/mopip77/Downloads/44198rwRY1yD5Ey6_4000.flv
[2019-02-15 08:52:07] "三块广告牌.Three.Billboards.Outside.Ebbing.Missouri.2017.1080p.BluRay.x264.中英字幕-Fantopia.mp4" | /home/mopip77/Videos/三块广告牌.Three.Billboards.Outside.Ebbing.Missouri.2017.1080p.BluRay.x264.中英字幕-Fantopia.mp4
[2019-02-19 08:29:53] "Ieuru.Onna.no.Gyakushu.Ep01.Chi_Jap.HDTVrip.1280X720.mp4" | /home/mopip77/Videos/Ieuru.Onna.no.Gyakushu.Ep01.Chi_Jap.HDTVrip.1280X720.mp4
[2019-02-19 09:22:25] "卖房子的女人的逆袭.Ieuru.Onna.no.Gyakushu.Ep02.Chi_Jap.HDTVrip.1280X720.mp4" | /home/mopip77/Videos/卖房子的女人的逆袭.Ieuru.Onna.no.Gyakushu.Ep02.Chi_Jap.HDTVrip.1280X720.mp4
[2019-02-20 10:18:36] "joeman.mp4" | /home/mopip77/Videos/joeman.mp4
[2019-02-20 11:13:47] "3A10.E07.720p.FIX字幕侠.mp4" | /home/mopip77/Videos/3A10.E07.720p.FIX字幕侠.mp4
[2019-02-20 11:32:17] "Ieuru.Onna.no.Gyakushu.Ep03.Chi_Jap.HDTVrip.1280X720.mp4" | /home/mopip77/Videos/Ieuru.Onna.no.Gyakushu.Ep03.Chi_Jap.HDTVrip.1280X720.mp4
[2019-02-20 11:38:38] "我的天才女友.My.Brilliant.Friend.S01E01.中英字幕.HDTVrip.720p-人人影视.mp4" | /home/mopip77/Videos/我的天才女友.My.Brilliant.Friend.S01E01.中英字幕.HDTVrip.720p-人人影视.mp4
[2019-02-20 17:13:36] "E01.mkv" | /home/mopip77/Desktop/BaiduPCS-Go-v3.5.6-linux-amd64/download/1131301918_Mopip77/apps/baidu_shurufa/民王/E01.mkv
[2019-02-20 18:25:25] "E01.mkv" | /home/mopip77/Videos/民王/E01.mkv
[2019-02-20 18:36:15] "ASMR  MOUTH SOUNDS嘴声快速口腔音.mp4" | /home/mopip77/Videos/ASMR  MOUTH SOUNDS嘴声快速口腔音.mp4
[2019-02-21 10:49:43] "想变强只能不怕死了.flv" | /home/mopip77/想变强只能不怕死了.flv
[2019-02-21 10:50:57] "恐怖游戏: 还愿 (P1. 还愿).mp4" | /home/mopip77/恐怖游戏: 还愿 (P1. 还愿).mp4
[2019-02-21 15:02:08] "2019-02-21 15-00-38.mp4" | /home/mopip77/Videos/luxiang/2019-02-21 15-00-38.mp4
[2019-02-21 15:15:33] "20181122_102056682_iOS.mp4" | /home/mopip77/20181122_102056682_iOS.mp4
[2019-02-21 15:45:26] "2019-02-21 15-44-25.mp4" | /home/mopip77/Videos/luxiang/2019-02-21 15-44-25.mp4
[2019-02-21 15:45:32] "2019-02-21 15-44-41.mp4" | /home/mopip77/Videos/luxiang/2019-02-21 15-44-41.mp4
[2019-02-21 15:57:13] "2019-02-21 15-52-38.mp4" | /home/mopip77/Videos/luxiang/2019-02-21 15-52-38.mp4
[2019-02-21 19:22:53] "2019-02-21 17-51-25.mp4" | /home/mopip77/Desktop/2019-02-21 17-51-25.mp4
[2019-02-22 08:41:30] "Ieuru.S01E01.720p.FIX字幕侠.mkv" | /home/mopip77/Videos/Ieuru.S01E01.720p.FIX字幕侠.mkv
[2019-02-22 09:32:05] "Ieuru.S01E02.720p.FIX字幕侠.mkv" | /home/mopip77/Videos/Ieuru.S01E02.720p.FIX字幕侠.mkv
